<?xml version="1.0" encoding="UTF-8"?>
<testsuite name="com.sb.factorium.MethodModTest" tests="3" skipped="0" failures="0" errors="0" timestamp="2024-12-02T01:06:00" hostname="GALNET" time="0.011">
  <properties/>
  <testcase name="testUsePublicMethod" classname="com.sb.factorium.MethodModTest" time="0.011"/>
  <testcase name="testUserPrivateMethod" classname="com.sb.factorium.MethodModTest" time="0.0"/>
  <testcase name="testNoMethodFound" classname="com.sb.factorium.MethodModTest" time="0.0"/>
  <system-out><![CDATA[]]></system-out>
  <system-err><![CDATA[]]></system-err>
</testsuite>
