<?xml version="1.0" encoding="UTF-8"?>
<testsuite name="com.sb.factorium.RandomUtilTest" tests="11" skipped="0" failures="0" errors="0" timestamp="2024-12-02T01:06:00" hostname="GALNET" time="0.004">
  <properties/>
  <testcase name="testRandomElement_stringSet" classname="com.sb.factorium.RandomUtilTest" time="0.001"/>
  <testcase name="testRandomElement_longArray" classname="com.sb.factorium.RandomUtilTest" time="0.0"/>
  <testcase name="testRandomEnum" classname="com.sb.factorium.RandomUtilTest" time="0.002"/>
  <testcase name="testRandomElement_doubleArray" classname="com.sb.factorium.RandomUtilTest" time="0.0"/>
  <testcase name="testRandomElement_stringArray" classname="com.sb.factorium.RandomUtilTest" time="0.001"/>
  <testcase name="testRandomElement_shortArray" classname="com.sb.factorium.RandomUtilTest" time="0.0"/>
  <testcase name="testRandomElement_charArray" classname="com.sb.factorium.RandomUtilTest" time="0.0"/>
  <testcase name="testRandomElement_stringList" classname="com.sb.factorium.RandomUtilTest" time="0.0"/>
  <testcase name="testRandomElement_byteArray" classname="com.sb.factorium.RandomUtilTest" time="0.0"/>
  <testcase name="testRandomElement_intArray" classname="com.sb.factorium.RandomUtilTest" time="0.0"/>
  <testcase name="testRandomElement_floatArray" classname="com.sb.factorium.RandomUtilTest" time="0.0"/>
  <system-out><![CDATA[]]></system-out>
  <system-err><![CDATA[]]></system-err>
</testsuite>
