<?xml version="1.0" encoding="UTF-8"?>
<testsuite name="com.sb.factorium.FieldModTest" tests="9" skipped="0" failures="0" errors="0" timestamp="2024-12-02T01:05:59" hostname="GALNET" time="0.055">
  <properties/>
  <testcase name="testIndexNavigation_setFieldOnAllSetItems" classname="com.sb.factorium.FieldModTest" time="0.018"/>
  <testcase name="testIndexNavigation_replaceListItem" classname="com.sb.factorium.FieldModTest" time="0.003"/>
  <testcase name="testIndexNavigation_setFieldOnAllListItems" classname="com.sb.factorium.FieldModTest" time="0.011"/>
  <testcase name="testIndexNavigation_primitiveArray" classname="com.sb.factorium.FieldModTest" time="0.001"/>
  <testcase name="testIndexNavigation_setListItemField" classname="com.sb.factorium.FieldModTest" time="0.01"/>
  <testcase name="testIndexNavigation_setFieldOnAllMapItems" classname="com.sb.factorium.FieldModTest" time="0.01"/>
  <testcase name="testNestedFields" classname="com.sb.factorium.FieldModTest" time="0.0"/>
  <testcase name="testIndexNavigation_nestedIndexes" classname="com.sb.factorium.FieldModTest" time="0.001"/>
  <testcase name="testPrivateField" classname="com.sb.factorium.FieldModTest" time="0.001"/>
  <system-out><![CDATA[]]></system-out>
  <system-err><![CDATA[]]></system-err>
</testsuite>
