<?xml version="1.0" encoding="UTF-8"?>
<testsuite name="com.sb.factorium.FactoryProviderTest" tests="5" skipped="0" failures="0" errors="0" timestamp="2024-12-02T01:05:59" hostname="GALNET" time="0.035">
  <properties/>
  <testcase name="testComputeDefaultKey_defaultKey" classname="com.sb.factorium.FactoryProviderTest" time="0.002"/>
  <testcase name="testCreateRecordingFactoryProvider_generatorWithObject" classname="com.sb.factorium.FactoryProviderTest" time="0.031"/>
  <testcase name="testComputeDefaultKey_firstGenerator" classname="com.sb.factorium.FactoryProviderTest" time="0.0"/>
  <testcase name="testCreateRecordingFactoryProvider_replacingReferences" classname="com.sb.factorium.FactoryProviderTest" time="0.001"/>
  <testcase name="testCreateRecordingFactoryProvider" classname="com.sb.factorium.FactoryProviderTest" time="0.001"/>
  <system-out><![CDATA[]]></system-out>
  <system-err><![CDATA[]]></system-err>
</testsuite>
