<?xml version="1.0" encoding="UTF-8"?>
<testsuite name="com.sb.factorium.iterators.ShortListIteratorTest" tests="10" skipped="0" failures="0" errors="0" timestamp="2024-12-02T01:06:00" hostname="GALNET" time="0.001">
  <properties/>
  <testcase name="previous" classname="com.sb.factorium.iterators.ShortListIteratorTest" time="0.001"/>
  <testcase name="remove" classname="com.sb.factorium.iterators.ShortListIteratorTest" time="0.0"/>
  <testcase name="previousIndex" classname="com.sb.factorium.iterators.ShortListIteratorTest" time="0.0"/>
  <testcase name="add" classname="com.sb.factorium.iterators.ShortListIteratorTest" time="0.0"/>
  <testcase name="set" classname="com.sb.factorium.iterators.ShortListIteratorTest" time="0.0"/>
  <testcase name="next" classname="com.sb.factorium.iterators.ShortListIteratorTest" time="0.0"/>
  <testcase name="hasNext" classname="com.sb.factorium.iterators.ShortListIteratorTest" time="0.0"/>
  <testcase name="nextPreviousChain" classname="com.sb.factorium.iterators.ShortListIteratorTest" time="0.0"/>
  <testcase name="nextIndex" classname="com.sb.factorium.iterators.ShortListIteratorTest" time="0.0"/>
  <testcase name="hasPrevious" classname="com.sb.factorium.iterators.ShortListIteratorTest" time="0.0"/>
  <system-out><![CDATA[]]></system-out>
  <system-err><![CDATA[]]></system-err>
</testsuite>
